info: Microsoft.EntityFrameworkCore.Infrastructure[10403]
      Entity Framework Core 2.1.1-rtm-30846 initialized 'SiteTriksAppContext' using provider 'Microsoft.EntityFrameworkCore.SqlServer' with options: using lazy-loading proxies MigrationsAssembly=SiteTriksApp.Web 
info: Microsoft.EntityFrameworkCore.Database.Command[20101]
      Executed DbCommand (2ms) [Parameters=[], CommandType='Text', CommandTimeout='30']
      SELECT OBJECT_ID(N'[__EFMigrationsHistory]');
info: Microsoft.EntityFrameworkCore.Database.Command[20101]
      Executed DbCommand (1ms) [Parameters=[], CommandType='Text', CommandTimeout='30']
      SELECT OBJECT_ID(N'[__EFMigrationsHistory]');
info: Microsoft.EntityFrameworkCore.Database.Command[20101]
      Executed DbCommand (1ms) [Parameters=[], CommandType='Text', CommandTimeout='30']
      SELECT [MigrationId], [ProductVersion]
      FROM [__EFMigrationsHistory]
      ORDER BY [MigrationId];
info: Microsoft.EntityFrameworkCore.Migrations[20405]
      No migrations were applied. The database is already up to date.
info: Microsoft.EntityFrameworkCore.Infrastructure[10403]
      Entity Framework Core 2.1.1-rtm-30846 initialized 'SiteTriksAppContext' using provider 'Microsoft.EntityFrameworkCore.SqlServer' with options: using lazy-loading proxies MigrationsAssembly=SiteTriksApp.Web 
info: Microsoft.EntityFrameworkCore.Database.Command[20101]
      Executed DbCommand (27ms) [Parameters=[@__normalizedName_0='?' (Size = 256)], CommandType='Text', CommandTimeout='30']
      SELECT TOP(1) [r].[Id], [r].[ConcurrencyStamp], [r].[Name], [r].[NormalizedName]
      FROM [AspNetRoles] AS [r]
      WHERE [r].[NormalizedName] = @__normalizedName_0
info: Microsoft.EntityFrameworkCore.Database.Command[20101]
      Executed DbCommand (0ms) [Parameters=[@__normalizedName_0='?' (Size = 256)], CommandType='Text', CommandTimeout='30']
      SELECT TOP(1) [r].[Id], [r].[ConcurrencyStamp], [r].[Name], [r].[NormalizedName]
      FROM [AspNetRoles] AS [r]
      WHERE [r].[NormalizedName] = @__normalizedName_0
info: Microsoft.EntityFrameworkCore.Database.Command[20101]
      Executed DbCommand (5ms) [Parameters=[@p0='?' (Size = 450), @p1='?' (Size = 4000), @p2='?' (Size = 256), @p3='?' (Size = 256)], CommandType='Text', CommandTimeout='30']
      SET NOCOUNT ON;
      INSERT INTO [AspNetRoles] ([Id], [ConcurrencyStamp], [Name], [NormalizedName])
      VALUES (@p0, @p1, @p2, @p3);
info: Microsoft.EntityFrameworkCore.Database.Command[20101]
      Executed DbCommand (8ms) [Parameters=[@__normalizedName_0='?' (Size = 256)], CommandType='Text', CommandTimeout='30']
      SELECT TOP(1) [r].[Id], [r].[ConcurrencyStamp], [r].[Name], [r].[NormalizedName]
      FROM [AspNetRoles] AS [r]
      WHERE [r].[NormalizedName] = @__normalizedName_0
info: Microsoft.EntityFrameworkCore.Database.Command[20101]
      Executed DbCommand (0ms) [Parameters=[@__normalizedName_0='?' (Size = 256)], CommandType='Text', CommandTimeout='30']
      SELECT TOP(1) [r].[Id], [r].[ConcurrencyStamp], [r].[Name], [r].[NormalizedName]
      FROM [AspNetRoles] AS [r]
      WHERE [r].[NormalizedName] = @__normalizedName_0
info: Microsoft.EntityFrameworkCore.Database.Command[20101]
      Executed DbCommand (0ms) [Parameters=[@p0='?' (Size = 450), @p1='?' (Size = 4000), @p2='?' (Size = 256), @p3='?' (Size = 256)], CommandType='Text', CommandTimeout='30']
      SET NOCOUNT ON;
      INSERT INTO [AspNetRoles] ([Id], [ConcurrencyStamp], [Name], [NormalizedName])
      VALUES (@p0, @p1, @p2, @p3);
info: Microsoft.EntityFrameworkCore.Database.Command[20101]
      Executed DbCommand (0ms) [Parameters=[@__normalizedName_0='?' (Size = 256)], CommandType='Text', CommandTimeout='30']
      SELECT TOP(1) [r].[Id], [r].[ConcurrencyStamp], [r].[Name], [r].[NormalizedName]
      FROM [AspNetRoles] AS [r]
      WHERE [r].[NormalizedName] = @__normalizedName_0
info: Microsoft.EntityFrameworkCore.Database.Command[20101]
      Executed DbCommand (0ms) [Parameters=[@__normalizedName_0='?' (Size = 256)], CommandType='Text', CommandTimeout='30']
      SELECT TOP(1) [r].[Id], [r].[ConcurrencyStamp], [r].[Name], [r].[NormalizedName]
      FROM [AspNetRoles] AS [r]
      WHERE [r].[NormalizedName] = @__normalizedName_0
info: Microsoft.EntityFrameworkCore.Database.Command[20101]
      Executed DbCommand (0ms) [Parameters=[@p0='?' (Size = 450), @p1='?' (Size = 4000), @p2='?' (Size = 256), @p3='?' (Size = 256)], CommandType='Text', CommandTimeout='30']
      SET NOCOUNT ON;
      INSERT INTO [AspNetRoles] ([Id], [ConcurrencyStamp], [Name], [NormalizedName])
      VALUES (@p0, @p1, @p2, @p3);
info: Microsoft.EntityFrameworkCore.Database.Command[20101]
      Executed DbCommand (0ms) [Parameters=[@__normalizedName_0='?' (Size = 256)], CommandType='Text', CommandTimeout='30']
      SELECT TOP(1) [r].[Id], [r].[ConcurrencyStamp], [r].[Name], [r].[NormalizedName]
      FROM [AspNetRoles] AS [r]
      WHERE [r].[NormalizedName] = @__normalizedName_0
info: Microsoft.EntityFrameworkCore.Database.Command[20101]
      Executed DbCommand (0ms) [Parameters=[@__normalizedName_0='?' (Size = 256)], CommandType='Text', CommandTimeout='30']
      SELECT TOP(1) [r].[Id], [r].[ConcurrencyStamp], [r].[Name], [r].[NormalizedName]
      FROM [AspNetRoles] AS [r]
      WHERE [r].[NormalizedName] = @__normalizedName_0
info: Microsoft.EntityFrameworkCore.Database.Command[20101]
      Executed DbCommand (0ms) [Parameters=[@p0='?' (Size = 450), @p1='?' (Size = 4000), @p2='?' (Size = 256), @p3='?' (Size = 256)], CommandType='Text', CommandTimeout='30']
      SET NOCOUNT ON;
      INSERT INTO [AspNetRoles] ([Id], [ConcurrencyStamp], [Name], [NormalizedName])
      VALUES (@p0, @p1, @p2, @p3);
info: Microsoft.EntityFrameworkCore.Database.Command[20101]
      Executed DbCommand (0ms) [Parameters=[@__normalizedName_0='?' (Size = 256)], CommandType='Text', CommandTimeout='30']
      SELECT TOP(1) [r].[Id], [r].[ConcurrencyStamp], [r].[Name], [r].[NormalizedName]
      FROM [AspNetRoles] AS [r]
      WHERE [r].[NormalizedName] = @__normalizedName_0
info: Microsoft.EntityFrameworkCore.Database.Command[20101]
      Executed DbCommand (0ms) [Parameters=[@__normalizedName_0='?' (Size = 256)], CommandType='Text', CommandTimeout='30']
      SELECT TOP(1) [r].[Id], [r].[ConcurrencyStamp], [r].[Name], [r].[NormalizedName]
      FROM [AspNetRoles] AS [r]
      WHERE [r].[NormalizedName] = @__normalizedName_0
info: Microsoft.EntityFrameworkCore.Database.Command[20101]
      Executed DbCommand (0ms) [Parameters=[@p0='?' (Size = 450), @p1='?' (Size = 4000), @p2='?' (Size = 256), @p3='?' (Size = 256)], CommandType='Text', CommandTimeout='30']
      SET NOCOUNT ON;
      INSERT INTO [AspNetRoles] ([Id], [ConcurrencyStamp], [Name], [NormalizedName])
      VALUES (@p0, @p1, @p2, @p3);
info: Microsoft.EntityFrameworkCore.Database.Command[20101]
      Executed DbCommand (0ms) [Parameters=[@__normalizedName_0='?' (Size = 256)], CommandType='Text', CommandTimeout='30']
      SELECT TOP(1) [r].[Id], [r].[ConcurrencyStamp], [r].[Name], [r].[NormalizedName]
      FROM [AspNetRoles] AS [r]
      WHERE [r].[NormalizedName] = @__normalizedName_0
info: Microsoft.EntityFrameworkCore.Database.Command[20101]
      Executed DbCommand (0ms) [Parameters=[@__normalizedName_0='?' (Size = 256)], CommandType='Text', CommandTimeout='30']
      SELECT TOP(1) [r].[Id], [r].[ConcurrencyStamp], [r].[Name], [r].[NormalizedName]
      FROM [AspNetRoles] AS [r]
      WHERE [r].[NormalizedName] = @__normalizedName_0
info: Microsoft.EntityFrameworkCore.Database.Command[20101]
      Executed DbCommand (0ms) [Parameters=[@p0='?' (Size = 450), @p1='?' (Size = 4000), @p2='?' (Size = 256), @p3='?' (Size = 256)], CommandType='Text', CommandTimeout='30']
      SET NOCOUNT ON;
      INSERT INTO [AspNetRoles] ([Id], [ConcurrencyStamp], [Name], [NormalizedName])
      VALUES (@p0, @p1, @p2, @p3);
info: Microsoft.EntityFrameworkCore.Database.Command[20101]
      Executed DbCommand (0ms) [Parameters=[@__normalizedName_0='?' (Size = 256)], CommandType='Text', CommandTimeout='30']
      SELECT TOP(1) [r].[Id], [r].[ConcurrencyStamp], [r].[Name], [r].[NormalizedName]
      FROM [AspNetRoles] AS [r]
      WHERE [r].[NormalizedName] = @__normalizedName_0
info: Microsoft.EntityFrameworkCore.Database.Command[20101]
      Executed DbCommand (0ms) [Parameters=[@__normalizedName_0='?' (Size = 256)], CommandType='Text', CommandTimeout='30']
      SELECT TOP(1) [r].[Id], [r].[ConcurrencyStamp], [r].[Name], [r].[NormalizedName]
      FROM [AspNetRoles] AS [r]
      WHERE [r].[NormalizedName] = @__normalizedName_0
info: Microsoft.EntityFrameworkCore.Database.Command[20101]
      Executed DbCommand (0ms) [Parameters=[@p0='?' (Size = 450), @p1='?' (Size = 4000), @p2='?' (Size = 256), @p3='?' (Size = 256)], CommandType='Text', CommandTimeout='30']
      SET NOCOUNT ON;
      INSERT INTO [AspNetRoles] ([Id], [ConcurrencyStamp], [Name], [NormalizedName])
      VALUES (@p0, @p1, @p2, @p3);
info: Microsoft.EntityFrameworkCore.Database.Command[20101]
      Executed DbCommand (2ms) [Parameters=[@__site1_Name_0='?' (Size = 4000)], CommandType='Text', CommandTimeout='30']
      SELECT CASE
          WHEN EXISTS (
              SELECT 1
              FROM [st_sites] AS [s]
              WHERE [s].[Name] = @__site1_Name_0)
          THEN CAST(1 AS BIT) ELSE CAST(0 AS BIT)
      END
info: Microsoft.EntityFrameworkCore.Database.Command[20101]
      Executed DbCommand (8ms) [Parameters=[@p0='?' (DbType = Guid), @p1='?' (Size = 4000), @p2='?' (DbType = DateTime2), @p3='?' (DbType = DateTime2), @p4='?' (DbType = Boolean), @p5='?' (Size = 4000), @p6='?' (DbType = Guid), @p7='?' (Size = 4000), @p8='?' (DbType = Guid), @p9='?' (DbType = DateTime2), @p10='?' (DbType = DateTime2), @p11='?' (Size = 4000), @p12='?' (DbType = Guid), @p13='?' (DbType = Guid), @p14='?' (DbType = Guid), @p15='?' (DbType = Guid), @p16='?' (DbType = DateTime2), @p17='?' (Size = 4000), @p18='?' (Size = 4000), @p19='?' (DbType = Guid), @p20='?' (DbType = DateTime2), @p21='?' (DbType = DateTime2), @p22='?' (DbType = Int32), @p23='?' (Size = 4000), @p24='?' (DbType = Decimal), @p25='?' (DbType = Decimal), @p26='?' (Size = 4000), @p27='?' (DbType = Int32), @p28='?' (DbType = Int32), @p29='?' (DbType = Guid), @p30='?' (DbType = Int32), @p31='?' (DbType = Int32), @p32='?' (DbType = Guid), @p33='?' (DbType = DateTime2), @p34='?' (DbType = DateTime2), @p35='?' (DbType = Int32), @p36='?' (Size = 4000), @p37='?' (DbType = Decimal), @p38='?' (DbType = Decimal), @p39='?' (Size = 4000), @p40='?' (DbType = Int32), @p41='?' (DbType = Int32), @p42='?' (DbType = Guid), @p43='?' (DbType = Int32), @p44='?' (DbType = Int32), @p45='?' (DbType = Guid), @p46='?' (DbType = DateTime2), @p47='?' (DbType = DateTime2), @p48='?' (DbType = Int32), @p49='?' (Size = 4000), @p50='?' (DbType = Decimal), @p51='?' (DbType = Decimal), @p52='?' (Size = 4000), @p53='?' (DbType = Int32), @p54='?' (DbType = Int32), @p55='?' (DbType = Guid), @p56='?' (DbType = Int32), @p57='?' (DbType = Int32), @p58='?' (DbType = Guid), @p59='?' (DbType = DateTime2), @p60='?' (DbType = DateTime2), @p61='?' (DbType = Int32), @p62='?' (Size = 4000), @p63='?' (DbType = Decimal), @p64='?' (DbType = Decimal), @p65='?' (Size = 4000), @p66='?' (DbType = Int32), @p67='?' (DbType = Int32), @p68='?' (DbType = Guid), @p69='?' (DbType = Int32), @p70='?' (DbType = Int32)], CommandType='Text', CommandTimeout='30']
      SET NOCOUNT ON;
      INSERT INTO [st_languages] ([Id], [Culture], [DateCreated], [DateModified], [IsDefault], [LastUserId], [SiteProviderId], [UrlPrefix])
      VALUES (@p0, @p1, @p2, @p3, @p4, @p5, @p6, @p7);
      INSERT INTO [st_siteConfigs] ([Id], [DateCreated], [DateModified], [LastUserId], [SiteId], [SiteKey], [SiteProviderId])
      VALUES (@p8, @p9, @p10, @p11, @p12, @p13, @p14);
      INSERT INTO [st_sites] ([Id], [DateCreated], [Domain], [Name])
      VALUES (@p15, @p16, @p17, @p18);
      INSERT INTO [st_thumbnails_sizes] ([Id], [DateCreated], [DateModified], [Height], [LastUserId], [MultiplyerX], [MultiplyerY], [Name], [OffsetX], [OffsetY], [SiteProviderId], [Type], [Width])
      VALUES (@p19, @p20, @p21, @p22, @p23, @p24, @p25, @p26, @p27, @p28, @p29, @p30, @p31),
      (@p32, @p33, @p34, @p35, @p36, @p37, @p38, @p39, @p40, @p41, @p42, @p43, @p44),
      (@p45, @p46, @p47, @p48, @p49, @p50, @p51, @p52, @p53, @p54, @p55, @p56, @p57),
      (@p58, @p59, @p60, @p61, @p62, @p63, @p64, @p65, @p66, @p67, @p68, @p69, @p70);
info: Microsoft.EntityFrameworkCore.Database.Command[20101]
      Executed DbCommand (20ms) [Parameters=[], CommandType='Text', CommandTimeout='30']
      SELECT CASE
          WHEN EXISTS (
              SELECT 1
              FROM [st_languages] AS [s]
              WHERE [s].[SiteProviderId] = '00000000-0000-0000-0000-000000000000')
          THEN CAST(1 AS BIT) ELSE CAST(0 AS BIT)
      END
info: Microsoft.EntityFrameworkCore.Database.Command[20101]
      Executed DbCommand (6ms) [Parameters=[@p0='?' (DbType = Guid), @p1='?' (Size = 4000), @p2='?' (DbType = DateTime2), @p3='?' (DbType = DateTime2), @p4='?' (DbType = Boolean), @p5='?' (Size = 4000), @p6='?' (DbType = Guid), @p7='?' (Size = 4000), @p8='?' (DbType = Guid), @p9='?' (DbType = DateTime2), @p10='?' (DbType = DateTime2), @p11='?' (Size = 4000), @p12='?' (Size = 150), @p13='?' (DbType = Guid), @p14='?' (DbType = Guid), @p15='?' (DbType = Int32), @p16='?' (DbType = Guid), @p17='?' (DbType = DateTime2), @p18='?' (DbType = DateTime2), @p19='?' (Size = 4000), @p20='?' (Size = 150), @p21='?' (DbType = Guid), @p22='?' (DbType = Guid), @p23='?' (DbType = Int32), @p24='?' (DbType = Guid), @p25='?' (DbType = DateTime2), @p26='?' (DbType = DateTime2), @p27='?' (DbType = Int32), @p28='?' (Size = 4000), @p29='?' (Size = 4000), @p30='?' (DbType = Guid), @p31='?' (DbType = Guid), @p32='?' (DbType = DateTime2), @p33='?' (DbType = DateTime2), @p34='?' (DbType = Int32), @p35='?' (Size = 4000), @p36='?' (Size = 4000), @p37='?' (DbType = Guid), @p38='?' (DbType = Guid), @p39='?' (DbType = DateTime2), @p40='?' (DbType = DateTime2), @p41='?' (Size = 4000), @p42='?' (DbType = Guid), @p43='?' (DbType = Guid), @p44='?' (DbType = Guid), @p45='?' (DbType = Guid), @p46='?' (DbType = DateTime2), @p47='?' (DbType = DateTime2), @p48='?' (DbType = Int32), @p49='?' (Size = 4000), @p50='?' (DbType = Decimal), @p51='?' (DbType = Decimal), @p52='?' (Size = 4000), @p53='?' (DbType = Int32), @p54='?' (DbType = Int32), @p55='?' (DbType = Guid), @p56='?' (DbType = Int32), @p57='?' (DbType = Int32), @p58='?' (DbType = Guid), @p59='?' (DbType = DateTime2), @p60='?' (DbType = DateTime2), @p61='?' (DbType = Int32), @p62='?' (Size = 4000), @p63='?' (DbType = Decimal), @p64='?' (DbType = Decimal), @p65='?' (Size = 4000), @p66='?' (DbType = Int32), @p67='?' (DbType = Int32), @p68='?' (DbType = Guid), @p69='?' (DbType = Int32), @p70='?' (DbType = Int32), @p71='?' (DbType = Guid), @p72='?' (DbType = DateTime2), @p73='?' (DbType = DateTime2), @p74='?' (DbType = Int32), @p75='?' (Size = 4000), @p76='?' (DbType = Decimal), @p77='?' (DbType = Decimal), @p78='?' (Size = 4000), @p79='?' (DbType = Int32), @p80='?' (DbType = Int32), @p81='?' (DbType = Guid), @p82='?' (DbType = Int32), @p83='?' (DbType = Int32), @p84='?' (DbType = Guid), @p85='?' (DbType = DateTime2), @p86='?' (DbType = DateTime2), @p87='?' (DbType = Int32), @p88='?' (Size = 4000), @p89='?' (DbType = Decimal), @p90='?' (DbType = Decimal), @p91='?' (Size = 4000), @p92='?' (DbType = Int32), @p93='?' (DbType = Int32), @p94='?' (DbType = Guid), @p95='?' (DbType = Int32), @p96='?' (DbType = Int32)], CommandType='Text', CommandTimeout='30']
      SET NOCOUNT ON;
      INSERT INTO [st_languages] ([Id], [Culture], [DateCreated], [DateModified], [IsDefault], [LastUserId], [SiteProviderId], [UrlPrefix])
      VALUES (@p0, @p1, @p2, @p3, @p4, @p5, @p6, @p7);
      INSERT INTO [st_links] ([Id], [DateCreated], [DateModified], [LastUserId], [MainUrl], [MainUrlId], [SiteProviderId], [Type])
      VALUES (@p8, @p9, @p10, @p11, @p12, @p13, @p14, @p15),
      (@p16, @p17, @p18, @p19, @p20, @p21, @p22, @p23);
      INSERT INTO [st_marketingEmailOptions] ([Id], [DateCreated], [DateModified], [Index], [LastUserId], [Name], [SiteProviderId])
      VALUES (@p24, @p25, @p26, @p27, @p28, @p29, @p30),
      (@p31, @p32, @p33, @p34, @p35, @p36, @p37);
      INSERT INTO [st_siteConfigs] ([Id], [DateCreated], [DateModified], [LastUserId], [SiteId], [SiteKey], [SiteProviderId])
      VALUES (@p38, @p39, @p40, @p41, @p42, @p43, @p44);
      INSERT INTO [st_thumbnails_sizes] ([Id], [DateCreated], [DateModified], [Height], [LastUserId], [MultiplyerX], [MultiplyerY], [Name], [OffsetX], [OffsetY], [SiteProviderId], [Type], [Width])
      VALUES (@p45, @p46, @p47, @p48, @p49, @p50, @p51, @p52, @p53, @p54, @p55, @p56, @p57),
      (@p58, @p59, @p60, @p61, @p62, @p63, @p64, @p65, @p66, @p67, @p68, @p69, @p70),
      (@p71, @p72, @p73, @p74, @p75, @p76, @p77, @p78, @p79, @p80, @p81, @p82, @p83),
      (@p84, @p85, @p86, @p87, @p88, @p89, @p90, @p91, @p92, @p93, @p94, @p95, @p96);
info: Microsoft.EntityFrameworkCore.Database.Command[20101]
      Executed DbCommand (2ms) [Parameters=[@p0='?' (DbType = Guid), @p1='?' (DbType = Int32), @p2='?' (DbType = DateTime2), @p3='?' (DbType = DateTime2), @p4='?' (Size = 4000), @p5='?' (Size = 4000), @p6='?' (DbType = Guid), @p7='?' (DbType = Guid), @p8='?' (Size = 4000)], CommandType='Text', CommandTimeout='30']
      SET NOCOUNT ON;
      INSERT INTO [st_libraries] ([Id], [AllowedTypes], [DateCreated], [DateModified], [LastUserId], [Name], [PrefixId], [SiteProviderId], [StorageProviderName])
      VALUES (@p0, @p1, @p2, @p3, @p4, @p5, @p6, @p7, @p8);
info: Microsoft.EntityFrameworkCore.Database.Command[20101]
      Executed DbCommand (0ms) [Parameters=[@p0='?' (DbType = Guid), @p1='?' (DbType = Int32), @p2='?' (DbType = DateTime2), @p3='?' (DbType = DateTime2), @p4='?' (Size = 4000), @p5='?' (Size = 4000), @p6='?' (DbType = Guid), @p7='?' (DbType = Guid), @p8='?' (Size = 4000)], CommandType='Text', CommandTimeout='30']
      SET NOCOUNT ON;
      INSERT INTO [st_libraries] ([Id], [AllowedTypes], [DateCreated], [DateModified], [LastUserId], [Name], [PrefixId], [SiteProviderId], [StorageProviderName])
      VALUES (@p0, @p1, @p2, @p3, @p4, @p5, @p6, @p7, @p8);
info: Microsoft.EntityFrameworkCore.Database.Command[20101]
      Executed DbCommand (43ms) [Parameters=[@p9='?' (DbType = Guid), @p10='?' (DbType = Guid), @p11='?' (DbType = Guid), @p12='?' (DbType = Guid), @p13='?' (DbType = Guid), @p14='?' (DbType = Guid), @p15='?' (DbType = Guid), @p16='?' (DbType = Guid)], CommandType='Text', CommandTimeout='30']
      SET NOCOUNT ON;
      INSERT INTO [st_library_thumbnails] ([ThumbnailId], [LibraryId])
      VALUES (@p9, @p10),
      (@p11, @p12),
      (@p13, @p14),
      (@p15, @p16);
info: Microsoft.EntityFrameworkCore.Database.Command[20101]
      Executed DbCommand (2ms) [Parameters=[@p0='?' (DbType = Guid), @p1='?' (DbType = DateTime2), @p2='?' (DbType = DateTime2), @p3='?' (Size = 4000), @p4='?' (Size = 150), @p5='?' (DbType = Guid), @p6='?' (DbType = Guid), @p7='?' (DbType = Int32), @p8='?' (DbType = Guid), @p9='?' (DbType = DateTime2), @p10='?' (DbType = DateTime2), @p11='?' (Size = 4000), @p12='?' (Size = 150), @p13='?' (DbType = Guid), @p14='?' (DbType = Guid), @p15='?' (DbType = Int32), @p16='?' (DbType = Guid), @p17='?' (DbType = DateTime2), @p18='?' (DbType = DateTime2), @p19='?' (DbType = Int32), @p20='?' (Size = 4000), @p21='?' (Size = 4000), @p22='?' (DbType = Guid), @p23='?' (DbType = Guid), @p24='?' (DbType = DateTime2), @p25='?' (DbType = DateTime2), @p26='?' (DbType = Int32), @p27='?' (Size = 4000), @p28='?' (Size = 4000), @p29='?' (DbType = Guid)], CommandType='Text', CommandTimeout='30']
      SET NOCOUNT ON;
      INSERT INTO [st_links] ([Id], [DateCreated], [DateModified], [LastUserId], [MainUrl], [MainUrlId], [SiteProviderId], [Type])
      VALUES (@p0, @p1, @p2, @p3, @p4, @p5, @p6, @p7),
      (@p8, @p9, @p10, @p11, @p12, @p13, @p14, @p15);
      INSERT INTO [st_marketingEmailOptions] ([Id], [DateCreated], [DateModified], [Index], [LastUserId], [Name], [SiteProviderId])
      VALUES (@p16, @p17, @p18, @p19, @p20, @p21, @p22),
      (@p23, @p24, @p25, @p26, @p27, @p28, @p29);
info: Microsoft.EntityFrameworkCore.Database.Command[20101]
      Executed DbCommand (0ms) [Parameters=[@p0='?' (DbType = Guid), @p1='?' (DbType = Int32), @p2='?' (DbType = DateTime2), @p3='?' (DbType = DateTime2), @p4='?' (Size = 4000), @p5='?' (Size = 4000), @p6='?' (DbType = Guid), @p7='?' (DbType = Guid), @p8='?' (Size = 4000)], CommandType='Text', CommandTimeout='30']
      SET NOCOUNT ON;
      INSERT INTO [st_libraries] ([Id], [AllowedTypes], [DateCreated], [DateModified], [LastUserId], [Name], [PrefixId], [SiteProviderId], [StorageProviderName])
      VALUES (@p0, @p1, @p2, @p3, @p4, @p5, @p6, @p7, @p8);
info: Microsoft.EntityFrameworkCore.Database.Command[20101]
      Executed DbCommand (0ms) [Parameters=[@p0='?' (DbType = Guid), @p1='?' (DbType = Int32), @p2='?' (DbType = DateTime2), @p3='?' (DbType = DateTime2), @p4='?' (Size = 4000), @p5='?' (Size = 4000), @p6='?' (DbType = Guid), @p7='?' (DbType = Guid), @p8='?' (Size = 4000)], CommandType='Text', CommandTimeout='30']
      SET NOCOUNT ON;
      INSERT INTO [st_libraries] ([Id], [AllowedTypes], [DateCreated], [DateModified], [LastUserId], [Name], [PrefixId], [SiteProviderId], [StorageProviderName])
      VALUES (@p0, @p1, @p2, @p3, @p4, @p5, @p6, @p7, @p8);
info: Microsoft.EntityFrameworkCore.Database.Command[20101]
      Executed DbCommand (0ms) [Parameters=[@p9='?' (DbType = Guid), @p10='?' (DbType = Guid), @p11='?' (DbType = Guid), @p12='?' (DbType = Guid), @p13='?' (DbType = Guid), @p14='?' (DbType = Guid), @p15='?' (DbType = Guid), @p16='?' (DbType = Guid)], CommandType='Text', CommandTimeout='30']
      SET NOCOUNT ON;
      INSERT INTO [st_library_thumbnails] ([ThumbnailId], [LibraryId])
      VALUES (@p9, @p10),
      (@p11, @p12),
      (@p13, @p14),
      (@p15, @p16);
info: Microsoft.EntityFrameworkCore.Infrastructure[10403]
      Entity Framework Core 2.1.1-rtm-30846 initialized 'SiteTriksAppContext' using provider 'Microsoft.EntityFrameworkCore.SqlServer' with options: using lazy-loading proxies MigrationsAssembly=SiteTriksApp.Web 
info: Microsoft.EntityFrameworkCore.Database.Command[20101]
      Executed DbCommand (2ms) [Parameters=[@p0='?' (DbType = Guid), @p1='?' (Size = 4000), @p2='?' (DbType = DateTime2), @p3='?' (DbType = DateTime2), @p4='?' (DbType = Boolean), @p5='?' (Size = 4000), @p6='?' (Size = 4000), @p7='?' (DbType = Guid)], CommandType='Text', CommandTimeout='30']
      SET NOCOUNT ON;
      INSERT INTO [st_configs] ([Id], [Content], [DateCreated], [DateModified], [IsIdenticalToFile], [LastUserId], [Name], [SiteProviderId])
      VALUES (@p0, @p1, @p2, @p3, @p4, @p5, @p6, @p7);
info: Microsoft.EntityFrameworkCore.Infrastructure[10403]
      Entity Framework Core 2.1.1-rtm-30846 initialized 'SiteTriksAppContext' using provider 'Microsoft.EntityFrameworkCore.SqlServer' with options: using lazy-loading proxies MigrationsAssembly=SiteTriksApp.Web 
Hosting environment: Development
Content root path: E:\Kaloyan\Projects\AlphaPreview0001\SiteTriks\SiteTriksApp\SiteTriksApp.Web
Now listening on: http://127.0.0.1:25470
Application started. Press Ctrl+C to shut down.
info: Microsoft.AspNetCore.Hosting.Internal.WebHost[1]
      Request starting HTTP/1.1 GET http://localhost:44327/  
info: Microsoft.EntityFrameworkCore.Infrastructure[10403]
      Entity Framework Core 2.1.1-rtm-30846 initialized 'SiteTriksAppContext' using provider 'Microsoft.EntityFrameworkCore.SqlServer' with options: using lazy-loading proxies MigrationsAssembly=SiteTriksApp.Web 
info: Microsoft.EntityFrameworkCore.Database.Command[20101]
      Executed DbCommand (2ms) [Parameters=[@__get_Item_0='?' (Size = 450)], CommandType='Text', CommandTimeout='30']
      SELECT TOP(1) [e].[Id], [e].[AccessFailedCount], [e].[Company], [e].[ConcurrencyStamp], [e].[DashboardConfiguration], [e].[Email], [e].[EmailConfirmed], [e].[FirstName], [e].[FullName], [e].[GoogleAuthenticatorSecretKey], [e].[Info], [e].[IsApproved], [e].[IsDeleted], [e].[IsGoogleAuthenticatorEnabled], [e].[LastName], [e].[LockoutEnabled], [e].[LockoutEnd], [e].[NormalizedEmail], [e].[NormalizedUserName], [e].[PasswordHash], [e].[PhoneNumber], [e].[PhoneNumberConfirmed], [e].[SecurityStamp], [e].[SiteProviderId], [e].[TwoFactorEnabled], [e].[UserGroups], [e].[UserName]
      FROM [AspNetUsers] AS [e]
      WHERE [e].[Id] = @__get_Item_0
info: Microsoft.AspNetCore.Authentication.Cookies.CookieAuthenticationHandler[11]
      AuthenticationScheme: Identity.Application signed out.
info: Microsoft.AspNetCore.Authentication.Cookies.CookieAuthenticationHandler[11]
      AuthenticationScheme: Identity.External signed out.
info: Microsoft.AspNetCore.Authentication.Cookies.CookieAuthenticationHandler[11]
      AuthenticationScheme: Identity.TwoFactorUserId signed out.
info: Microsoft.AspNetCore.Authentication.Cookies.CookieAuthenticationHandler[7]
      Identity.Application was not authenticated. Failure message: No principal.
info: Microsoft.AspNetCore.Mvc.Internal.ControllerActionInvoker[1]
      Route matched with {area = "SiteTriks", action = "RenderPage", controller = "Display"}. Executing action SiteTriks.Controllers.DisplayController.RenderPage (SiteTriks)
info: Microsoft.EntityFrameworkCore.Infrastructure[10403]
      Entity Framework Core 2.1.1-rtm-30846 initialized 'SiteTriksAppContext' using provider 'Microsoft.EntityFrameworkCore.SqlServer' with options: using lazy-loading proxies MigrationsAssembly=SiteTriksApp.Web 
info: Microsoft.AspNetCore.Mvc.ViewFeatures.ViewResultExecutor[1]
      Executing ViewResult, running view License.
info: Microsoft.AspNetCore.Mvc.ViewFeatures.ViewResultExecutor[4]
      Executed ViewResult - view License executed in 213.2662ms.
info: Microsoft.AspNetCore.Mvc.Internal.ControllerActionInvoker[2]
      Executed action SiteTriks.Controllers.DisplayController.RenderPage (SiteTriks) in 317.9271ms
info: Microsoft.AspNetCore.Hosting.Internal.WebHost[2]
      Request finished in 571.8619ms 401 text/html; charset=utf-8
info: Microsoft.AspNetCore.Hosting.Internal.WebHost[1]
      Request starting HTTP/1.1 GET http://localhost:44327/lib/bootstrap/dist/css/bootstrap.css  
info: Microsoft.AspNetCore.StaticFiles.StaticFileMiddleware[2]
      Sending file. Request path: '/lib/bootstrap/dist/css/bootstrap.css'. Physical path: 'E:\Kaloyan\Projects\AlphaPreview0001\SiteTriks\SiteTriksApp\SiteTriksApp.Web\wwwroot\lib\bootstrap\dist\css\bootstrap.css'
info: Microsoft.AspNetCore.Hosting.Internal.WebHost[2]
      Request finished in 54.3859ms 200 text/css
info: Microsoft.AspNetCore.Hosting.Internal.WebHost[1]
      Request starting HTTP/1.1 GET http://localhost:44327/css/front-end.css  
info: Microsoft.AspNetCore.StaticFiles.StaticFileMiddleware[2]
      Sending file. Request path: '/css/front-end.css'. Physical path: 'E:\Kaloyan\Projects\AlphaPreview0001\SiteTriks\SiteTriksApp\SiteTriksApp.Web\wwwroot\css\front-end.css'
info: Microsoft.AspNetCore.Hosting.Internal.WebHost[2]
      Request finished in 1.7689ms 200 text/css
info: Microsoft.AspNetCore.Hosting.Internal.WebHost[1]
      Request starting HTTP/1.1 GET http://localhost:44327/js/toggle-bottom-menu.js  
info: Microsoft.AspNetCore.Hosting.Internal.WebHost[1]
      Request starting HTTP/1.1 GET http://localhost:44327/js/documentation-widget.js  
info: Microsoft.AspNetCore.StaticFiles.StaticFileMiddleware[2]
      Sending file. Request path: '/js/documentation-widget.js'. Physical path: 'E:\Kaloyan\Projects\AlphaPreview0001\SiteTriks\SiteTriksApp\SiteTriksApp.Web\wwwroot\js\documentation-widget.js'
info: Microsoft.AspNetCore.Hosting.Internal.WebHost[2]
      Request finished in 144.3586ms 200 application/javascript
info: Microsoft.AspNetCore.StaticFiles.StaticFileMiddleware[2]
      Sending file. Request path: '/js/toggle-bottom-menu.js'. Physical path: 'E:\Kaloyan\Projects\AlphaPreview0001\SiteTriks\SiteTriksApp\SiteTriksApp.Web\wwwroot\js\toggle-bottom-menu.js'
info: Microsoft.AspNetCore.Hosting.Internal.WebHost[2]
      Request finished in 324.2532ms 200 application/javascript
info: Microsoft.AspNetCore.Hosting.Internal.WebHost[1]
      Request starting HTTP/1.1 GET http://localhost:44327/favicon-16x16.png  
info: Microsoft.AspNetCore.StaticFiles.StaticFileMiddleware[2]
      Sending file. Request path: '/favicon-16x16.png'. Physical path: 'E:\Kaloyan\Projects\AlphaPreview0001\SiteTriks\SiteTriksApp\SiteTriksApp.Web\wwwroot\favicon-16x16.png'
info: Microsoft.AspNetCore.Hosting.Internal.WebHost[2]
      Request finished in 11.232ms 200 image/png
warn: Microsoft.AspNetCore.Server.Kestrel[0]
      Connection processing ended abnormally.
Microsoft.AspNetCore.Connections.ConnectionAbortedException: The connection was aborted
   at System.IO.Pipelines.PipeCompletion.ThrowLatchedException()
   at System.IO.Pipelines.Pipe.GetReadResult(ReadResult& result)
   at System.IO.Pipelines.Pipe.GetReadAsyncResult()
   at System.IO.Pipelines.Pipe.DefaultPipeReader.GetResult(Int16 token)
   at Microsoft.AspNetCore.Server.Kestrel.Core.Internal.Http.HttpProtocol.ProcessRequests[TContext](IHttpApplication`1 application)
   at Microsoft.AspNetCore.Server.Kestrel.Core.Internal.Http.HttpProtocol.ProcessRequestsAsync[TContext](IHttpApplication`1 application)
info: Microsoft.AspNetCore.Hosting.Internal.WebHost[1]
      Request starting HTTP/1.1 GET http://localhost:44327/  
info: Microsoft.AspNetCore.Mvc.Internal.ControllerActionInvoker[1]
      Route matched with {area = "SiteTriks", action = "RenderPage", controller = "Display"}. Executing action SiteTriks.Controllers.DisplayController.RenderPage (SiteTriks)
info: Microsoft.EntityFrameworkCore.Infrastructure[10403]
      Entity Framework Core 2.1.1-rtm-30846 initialized 'SiteTriksAppContext' using provider 'Microsoft.EntityFrameworkCore.SqlServer' with options: using lazy-loading proxies MigrationsAssembly=SiteTriksApp.Web 
info: Microsoft.AspNetCore.Mvc.ViewFeatures.ViewResultExecutor[1]
      Executing ViewResult, running view License.
info: Microsoft.AspNetCore.Mvc.ViewFeatures.ViewResultExecutor[4]
      Executed ViewResult - view License executed in 35.6254ms.
info: Microsoft.AspNetCore.Mvc.Internal.ControllerActionInvoker[2]
      Executed action SiteTriks.Controllers.DisplayController.RenderPage (SiteTriks) in 38.1162ms
info: Microsoft.AspNetCore.Hosting.Internal.WebHost[2]
      Request finished in 40.5161ms 401 text/html; charset=utf-8
info: Microsoft.AspNetCore.Hosting.Internal.WebHost[1]
      Request starting HTTP/1.1 GET http://localhost:44327/css/toggle-menu.css  
info: Microsoft.AspNetCore.StaticFiles.StaticFileMiddleware[2]
      Sending file. Request path: '/css/toggle-menu.css'. Physical path: 'E:\Kaloyan\Projects\AlphaPreview0001\SiteTriks\SiteTriksApp\SiteTriksApp.Web\wwwroot\css\toggle-menu.css'
info: Microsoft.AspNetCore.Hosting.Internal.WebHost[2]
      Request finished in 1.8679ms 200 text/css
info: Microsoft.AspNetCore.Hosting.Internal.WebHost[1]
      Request starting HTTP/1.1 GET http://localhost:44327/css/front-end.css  
info: Microsoft.AspNetCore.StaticFiles.StaticFileMiddleware[2]
      Sending file. Request path: '/css/front-end.css'. Physical path: 'E:\Kaloyan\Projects\AlphaPreview0001\SiteTriks\SiteTriksApp\SiteTriksApp.Web\wwwroot\css\front-end.css'
info: Microsoft.AspNetCore.Hosting.Internal.WebHost[2]
      Request finished in 2.51ms 200 text/css
info: Microsoft.AspNetCore.Hosting.Internal.WebHost[1]
      Request starting HTTP/1.1 GET http://localhost:44327/  
info: Microsoft.AspNetCore.Mvc.Internal.ControllerActionInvoker[1]
      Route matched with {area = "SiteTriks", action = "RenderPage", controller = "Display"}. Executing action SiteTriks.Controllers.DisplayController.RenderPage (SiteTriks)
info: Microsoft.EntityFrameworkCore.Infrastructure[10403]
      Entity Framework Core 2.1.1-rtm-30846 initialized 'SiteTriksAppContext' using provider 'Microsoft.EntityFrameworkCore.SqlServer' with options: using lazy-loading proxies MigrationsAssembly=SiteTriksApp.Web 
info: Microsoft.AspNetCore.Mvc.ViewFeatures.ViewResultExecutor[1]
      Executing ViewResult, running view License.
info: Microsoft.AspNetCore.Mvc.ViewFeatures.ViewResultExecutor[4]
      Executed ViewResult - view License executed in 6.4941ms.
info: Microsoft.AspNetCore.Mvc.Internal.ControllerActionInvoker[2]
      Executed action SiteTriks.Controllers.DisplayController.RenderPage (SiteTriks) in 7.6766ms
info: Microsoft.AspNetCore.Hosting.Internal.WebHost[2]
      Request finished in 8.8207ms 401 text/html; charset=utf-8
info: Microsoft.AspNetCore.Hosting.Internal.WebHost[1]
      Request starting HTTP/1.1 GET http://localhost:44327/css/front-end.css  
info: Microsoft.AspNetCore.StaticFiles.StaticFileMiddleware[2]
      Sending file. Request path: '/css/front-end.css'. Physical path: 'E:\Kaloyan\Projects\AlphaPreview0001\SiteTriks\SiteTriksApp\SiteTriksApp.Web\wwwroot\css\front-end.css'
info: Microsoft.AspNetCore.Hosting.Internal.WebHost[2]
      Request finished in 2.6033ms 200 text/css
