info: Microsoft.EntityFrameworkCore.Infrastructure[10403]
      Entity Framework Core 2.1.1-rtm-30846 initialized 'SiteTriksAppContext' using provider 'Microsoft.EntityFrameworkCore.SqlServer' with options: using lazy-loading proxies MigrationsAssembly=SiteTriksApp.Web 
info: Microsoft.EntityFrameworkCore.Database.Command[20101]
      Executed DbCommand (2ms) [Parameters=[], CommandType='Text', CommandTimeout='30']
      SELECT OBJECT_ID(N'[__EFMigrationsHistory]');
info: Microsoft.EntityFrameworkCore.Database.Command[20101]
      Executed DbCommand (1ms) [Parameters=[], CommandType='Text', CommandTimeout='30']
      SELECT OBJECT_ID(N'[__EFMigrationsHistory]');
info: Microsoft.EntityFrameworkCore.Database.Command[20101]
      Executed DbCommand (0ms) [Parameters=[], CommandType='Text', CommandTimeout='30']
      SELECT [MigrationId], [ProductVersion]
      FROM [__EFMigrationsHistory]
      ORDER BY [MigrationId];
info: Microsoft.EntityFrameworkCore.Migrations[20405]
      No migrations were applied. The database is already up to date.
info: Microsoft.EntityFrameworkCore.Infrastructure[10403]
      Entity Framework Core 2.1.1-rtm-30846 initialized 'SiteTriksAppContext' using provider 'Microsoft.EntityFrameworkCore.SqlServer' with options: using lazy-loading proxies MigrationsAssembly=SiteTriksApp.Web 
info: Microsoft.EntityFrameworkCore.Database.Command[20101]
      Executed DbCommand (8ms) [Parameters=[@__normalizedName_0='?' (Size = 256)], CommandType='Text', CommandTimeout='30']
      SELECT TOP(1) [r].[Id], [r].[ConcurrencyStamp], [r].[Name], [r].[NormalizedName]
      FROM [AspNetRoles] AS [r]
      WHERE [r].[NormalizedName] = @__normalizedName_0
info: Microsoft.EntityFrameworkCore.Database.Command[20101]
      Executed DbCommand (1ms) [Parameters=[@__normalizedName_0='?' (Size = 256)], CommandType='Text', CommandTimeout='30']
      SELECT TOP(1) [r].[Id], [r].[ConcurrencyStamp], [r].[Name], [r].[NormalizedName]
      FROM [AspNetRoles] AS [r]
      WHERE [r].[NormalizedName] = @__normalizedName_0
info: Microsoft.EntityFrameworkCore.Database.Command[20101]
      Executed DbCommand (0ms) [Parameters=[@__normalizedName_0='?' (Size = 256)], CommandType='Text', CommandTimeout='30']
      SELECT TOP(1) [r].[Id], [r].[ConcurrencyStamp], [r].[Name], [r].[NormalizedName]
      FROM [AspNetRoles] AS [r]
      WHERE [r].[NormalizedName] = @__normalizedName_0
info: Microsoft.EntityFrameworkCore.Database.Command[20101]
      Executed DbCommand (0ms) [Parameters=[@__normalizedName_0='?' (Size = 256)], CommandType='Text', CommandTimeout='30']
      SELECT TOP(1) [r].[Id], [r].[ConcurrencyStamp], [r].[Name], [r].[NormalizedName]
      FROM [AspNetRoles] AS [r]
      WHERE [r].[NormalizedName] = @__normalizedName_0
info: Microsoft.EntityFrameworkCore.Database.Command[20101]
      Executed DbCommand (0ms) [Parameters=[@__normalizedName_0='?' (Size = 256)], CommandType='Text', CommandTimeout='30']
      SELECT TOP(1) [r].[Id], [r].[ConcurrencyStamp], [r].[Name], [r].[NormalizedName]
      FROM [AspNetRoles] AS [r]
      WHERE [r].[NormalizedName] = @__normalizedName_0
info: Microsoft.EntityFrameworkCore.Database.Command[20101]
      Executed DbCommand (0ms) [Parameters=[@__normalizedName_0='?' (Size = 256)], CommandType='Text', CommandTimeout='30']
      SELECT TOP(1) [r].[Id], [r].[ConcurrencyStamp], [r].[Name], [r].[NormalizedName]
      FROM [AspNetRoles] AS [r]
      WHERE [r].[NormalizedName] = @__normalizedName_0
info: Microsoft.EntityFrameworkCore.Database.Command[20101]
      Executed DbCommand (0ms) [Parameters=[@__normalizedName_0='?' (Size = 256)], CommandType='Text', CommandTimeout='30']
      SELECT TOP(1) [r].[Id], [r].[ConcurrencyStamp], [r].[Name], [r].[NormalizedName]
      FROM [AspNetRoles] AS [r]
      WHERE [r].[NormalizedName] = @__normalizedName_0
info: Microsoft.EntityFrameworkCore.Database.Command[20101]
      Executed DbCommand (0ms) [Parameters=[@__site1_Name_0='?' (Size = 4000)], CommandType='Text', CommandTimeout='30']
      SELECT CASE
          WHEN EXISTS (
              SELECT 1
              FROM [st_sites] AS [s]
              WHERE [s].[Name] = @__site1_Name_0)
          THEN CAST(1 AS BIT) ELSE CAST(0 AS BIT)
      END
info: Microsoft.EntityFrameworkCore.Database.Command[20101]
      Executed DbCommand (0ms) [Parameters=[], CommandType='Text', CommandTimeout='30']
      SELECT CASE
          WHEN EXISTS (
              SELECT 1
              FROM [st_languages] AS [s]
              WHERE [s].[SiteProviderId] = '00000000-0000-0000-0000-000000000000')
          THEN CAST(1 AS BIT) ELSE CAST(0 AS BIT)
      END
info: Microsoft.EntityFrameworkCore.Infrastructure[10403]
      Entity Framework Core 2.1.1-rtm-30846 initialized 'SiteTriksAppContext' using provider 'Microsoft.EntityFrameworkCore.SqlServer' with options: using lazy-loading proxies MigrationsAssembly=SiteTriksApp.Web 
info: Microsoft.EntityFrameworkCore.Database.Command[20101]
      Executed DbCommand (0ms) [Parameters=[@p0='?' (DbType = Guid), @p1='?' (Size = 4000), @p2='?' (DbType = DateTime2), @p3='?' (DbType = DateTime2), @p4='?' (DbType = Boolean), @p5='?' (Size = 4000), @p6='?' (Size = 4000), @p7='?' (DbType = Guid)], CommandType='Text', CommandTimeout='30']
      SET NOCOUNT ON;
      INSERT INTO [st_configs] ([Id], [Content], [DateCreated], [DateModified], [IsIdenticalToFile], [LastUserId], [Name], [SiteProviderId])
      VALUES (@p0, @p1, @p2, @p3, @p4, @p5, @p6, @p7);
info: Microsoft.EntityFrameworkCore.Infrastructure[10403]
      Entity Framework Core 2.1.1-rtm-30846 initialized 'SiteTriksAppContext' using provider 'Microsoft.EntityFrameworkCore.SqlServer' with options: using lazy-loading proxies MigrationsAssembly=SiteTriksApp.Web 
Hosting environment: Development
Content root path: E:\Kaloyan\Projects\AlphaPreview0001\SiteTriks\SiteTriksApp\SiteTriksApp.Web
Now listening on: http://127.0.0.1:14866
Application started. Press Ctrl+C to shut down.
info: Microsoft.AspNetCore.Hosting.Internal.WebHost[1]
      Request starting HTTP/1.1 GET http://localhost:44327/Account/Login?ReturnUrl=%2Fsitetriks application/json 
info: Microsoft.AspNetCore.Mvc.Internal.ControllerActionInvoker[1]
      Route matched with {action = "Login", controller = "Account", area = ""}. Executing action SiteTriksApp.Web.Controllers.AccountController.Login (SiteTriksApp.Web)
info: Microsoft.EntityFrameworkCore.Infrastructure[10403]
      Entity Framework Core 2.1.1-rtm-30846 initialized 'SiteTriksAppContext' using provider 'Microsoft.EntityFrameworkCore.SqlServer' with options: using lazy-loading proxies MigrationsAssembly=SiteTriksApp.Web 
info: Microsoft.AspNetCore.Mvc.Internal.ControllerActionInvoker[1]
      Executing action method SiteTriksApp.Web.Controllers.AccountController.Login (SiteTriksApp.Web) with arguments (/sitetriks) - Validation state: Valid
info: Microsoft.AspNetCore.Authentication.Cookies.CookieAuthenticationHandler[11]
      AuthenticationScheme: Identity.External signed out.
info: Microsoft.AspNetCore.Mvc.Internal.ControllerActionInvoker[2]
      Executed action method SiteTriksApp.Web.Controllers.AccountController.Login (SiteTriksApp.Web), returned result Microsoft.AspNetCore.Mvc.ViewResult in 5.1593ms.
info: Microsoft.AspNetCore.Mvc.ViewFeatures.ViewResultExecutor[1]
      Executing ViewResult, running view Login.
info: Microsoft.EntityFrameworkCore.Infrastructure[10403]
      Entity Framework Core 2.1.1-rtm-30846 initialized 'SiteTriksAppContext' using provider 'Microsoft.EntityFrameworkCore.SqlServer' with options: using lazy-loading proxies MigrationsAssembly=SiteTriksApp.Web 
info: Microsoft.EntityFrameworkCore.Database.Command[20101]
      Executed DbCommand (21ms) [Parameters=[@__ToString_0='?' (Size = 4000)], CommandType='Text', CommandTimeout='30']
      SELECT TOP(1) [x].[Id], [x].[DateCreated], [x].[Domain], [x].[Name]
      FROM [st_sites] AS [x]
      WHERE [x].[Domain] = @__ToString_0
info: Microsoft.EntityFrameworkCore.Database.Command[20101]
      Executed DbCommand (9ms) [Parameters=[], CommandType='Text', CommandTimeout='30']
      SELECT [x].[Id], [x].[BackgroundJobId], [x].[CurrentTags], [x].[DateCreated], [x].[DateModified], [x].[DateToBePublished], [x].[Description], [x].[IsHomePage], [x].[IsInNavigation], [x].[IsPublished], [x].[LastPublished], [x].[LastUserId], [x].[LinkId], [x].[NavigationPriority], [x].[PageStatus], [x].[PageTemplateMetaId], [x].[ParentId], [x].[PermittedRolesIds], [x].[SiteProviderId], [x].[Template], [x].[Title]
      FROM [st_pageMetas] AS [x]
      WHERE 0 = 1
info: Microsoft.AspNetCore.Mvc.ViewFeatures.ViewResultExecutor[4]
      Executed ViewResult - view Login executed in 331.4432ms.
info: Microsoft.AspNetCore.Mvc.Internal.ControllerActionInvoker[2]
      Executed action SiteTriksApp.Web.Controllers.AccountController.Login (SiteTriksApp.Web) in 369.9295ms
info: Microsoft.AspNetCore.Hosting.Internal.WebHost[2]
      Request finished in 541.1521ms 200 text/html; charset=utf-8
info: Microsoft.AspNetCore.Hosting.Internal.WebHost[1]
      Request starting HTTP/1.1 GET http://localhost:44327/Account/Login?ReturnUrl=%2Fsitetriks  
info: Microsoft.AspNetCore.Mvc.Internal.ControllerActionInvoker[1]
      Route matched with {action = "Login", controller = "Account", area = ""}. Executing action SiteTriksApp.Web.Controllers.AccountController.Login (SiteTriksApp.Web)
info: Microsoft.EntityFrameworkCore.Infrastructure[10403]
      Entity Framework Core 2.1.1-rtm-30846 initialized 'SiteTriksAppContext' using provider 'Microsoft.EntityFrameworkCore.SqlServer' with options: using lazy-loading proxies MigrationsAssembly=SiteTriksApp.Web 
info: Microsoft.AspNetCore.Mvc.Internal.ControllerActionInvoker[1]
      Executing action method SiteTriksApp.Web.Controllers.AccountController.Login (SiteTriksApp.Web) with arguments (/sitetriks) - Validation state: Valid
info: Microsoft.AspNetCore.Authentication.Cookies.CookieAuthenticationHandler[11]
      AuthenticationScheme: Identity.External signed out.
info: Microsoft.AspNetCore.Mvc.Internal.ControllerActionInvoker[2]
      Executed action method SiteTriksApp.Web.Controllers.AccountController.Login (SiteTriksApp.Web), returned result Microsoft.AspNetCore.Mvc.ViewResult in 0.2677ms.
info: Microsoft.AspNetCore.Mvc.ViewFeatures.ViewResultExecutor[1]
      Executing ViewResult, running view Login.
info: Microsoft.EntityFrameworkCore.Infrastructure[10403]
      Entity Framework Core 2.1.1-rtm-30846 initialized 'SiteTriksAppContext' using provider 'Microsoft.EntityFrameworkCore.SqlServer' with options: using lazy-loading proxies MigrationsAssembly=SiteTriksApp.Web 
info: Microsoft.EntityFrameworkCore.Database.Command[20101]
      Executed DbCommand (0ms) [Parameters=[@__ToString_0='?' (Size = 4000)], CommandType='Text', CommandTimeout='30']
      SELECT TOP(1) [x].[Id], [x].[DateCreated], [x].[Domain], [x].[Name]
      FROM [st_sites] AS [x]
      WHERE [x].[Domain] = @__ToString_0
info: Microsoft.EntityFrameworkCore.Database.Command[20101]
      Executed DbCommand (0ms) [Parameters=[], CommandType='Text', CommandTimeout='30']
      SELECT [x].[Id], [x].[BackgroundJobId], [x].[CurrentTags], [x].[DateCreated], [x].[DateModified], [x].[DateToBePublished], [x].[Description], [x].[IsHomePage], [x].[IsInNavigation], [x].[IsPublished], [x].[LastPublished], [x].[LastUserId], [x].[LinkId], [x].[NavigationPriority], [x].[PageStatus], [x].[PageTemplateMetaId], [x].[ParentId], [x].[PermittedRolesIds], [x].[SiteProviderId], [x].[Template], [x].[Title]
      FROM [st_pageMetas] AS [x]
      WHERE 0 = 1
info: Microsoft.AspNetCore.Mvc.ViewFeatures.ViewResultExecutor[4]
      Executed ViewResult - view Login executed in 10.8984ms.
info: Microsoft.AspNetCore.Mvc.Internal.ControllerActionInvoker[2]
      Executed action SiteTriksApp.Web.Controllers.AccountController.Login (SiteTriksApp.Web) in 12.7145ms
info: Microsoft.AspNetCore.Hosting.Internal.WebHost[2]
      Request finished in 15.9358ms 200 text/html; charset=utf-8
info: Microsoft.AspNetCore.Hosting.Internal.WebHost[1]
      Request starting HTTP/1.1 GET http://localhost:44327/images/mobile/hamburger menu.svg  
info: Microsoft.AspNetCore.Hosting.Internal.WebHost[1]
      Request starting HTTP/1.1 GET http://localhost:44327/images/LOGO.svg  
info: Microsoft.AspNetCore.StaticFiles.StaticFileMiddleware[2]
      Sending file. Request path: '/images/LOGO.svg'. Physical path: 'E:\Kaloyan\Projects\AlphaPreview0001\SiteTriks\SiteTriksApp\SiteTriksApp.Web\wwwroot\images\LOGO.svg'
info: Microsoft.AspNetCore.Hosting.Internal.WebHost[2]
      Request finished in 22.9263ms 200 image/svg+xml
info: Microsoft.AspNetCore.Hosting.Internal.WebHost[1]
      Request starting HTTP/1.1 GET http://localhost:44327/images/mobile/LOGO_mob.svg  
info: Microsoft.AspNetCore.StaticFiles.StaticFileMiddleware[2]
      Sending file. Request path: '/images/mobile/LOGO_mob.svg'. Physical path: 'E:\Kaloyan\Projects\AlphaPreview0001\SiteTriks\SiteTriksApp\SiteTriksApp.Web\wwwroot\images\mobile\LOGO_mob.svg'
info: Microsoft.AspNetCore.StaticFiles.StaticFileMiddleware[2]
      Sending file. Request path: '/images/mobile/hamburger menu.svg'. Physical path: 'E:\Kaloyan\Projects\AlphaPreview0001\SiteTriks\SiteTriksApp\SiteTriksApp.Web\wwwroot\images\mobile\hamburger menu.svg'
info: Microsoft.AspNetCore.Hosting.Internal.WebHost[2]
      Request finished in 57.8737ms 200 image/svg+xml
info: Microsoft.AspNetCore.Hosting.Internal.WebHost[2]
      Request finished in 30.9171ms 200 image/svg+xml
info: Microsoft.AspNetCore.Hosting.Internal.WebHost[1]
      Request starting HTTP/1.1 GET http://localhost:44327/fonts/Blaimim.ttf  
info: Microsoft.AspNetCore.Hosting.Internal.WebHost[1]
      Request starting HTTP/1.1 GET http://localhost:44327/lib/jquery-validation/dist/jquery.validate.js  
info: Microsoft.AspNetCore.Hosting.Internal.WebHost[1]
      Request starting HTTP/1.1 GET http://localhost:44327/images/homepage/Register.svg  
info: Microsoft.AspNetCore.Hosting.Internal.WebHost[1]
      Request starting HTTP/1.1 GET http://localhost:44327/lib/jquery-validation-unobtrusive/jquery.validate.unobtrusive.js  
info: Microsoft.AspNetCore.StaticFiles.StaticFileMiddleware[2]
      Sending file. Request path: '/images/homepage/Register.svg'. Physical path: 'E:\Kaloyan\Projects\AlphaPreview0001\SiteTriks\SiteTriksApp\SiteTriksApp.Web\wwwroot\images\homepage\Register.svg'
info: Microsoft.AspNetCore.Hosting.Internal.WebHost[2]
      Request finished in 37.6184ms 200 image/svg+xml
info: Microsoft.AspNetCore.StaticFiles.StaticFileMiddleware[2]
      Sending file. Request path: '/fonts/Blaimim.ttf'. Physical path: 'E:\Kaloyan\Projects\AlphaPreview0001\SiteTriks\SiteTriksApp\SiteTriksApp.Web\wwwroot\fonts\Blaimim.ttf'
info: Microsoft.AspNetCore.Hosting.Internal.WebHost[2]
      Request finished in 58.3449ms 200 application/x-font-ttf
info: Microsoft.AspNetCore.StaticFiles.StaticFileMiddleware[2]
      Sending file. Request path: '/lib/jquery-validation/dist/jquery.validate.js'. Physical path: 'E:\Kaloyan\Projects\AlphaPreview0001\SiteTriks\SiteTriksApp\SiteTriksApp.Web\wwwroot\lib\jquery-validation\dist\jquery.validate.js'
info: Microsoft.AspNetCore.Hosting.Internal.WebHost[2]
      Request finished in 259.2679ms 200 application/javascript
info: Microsoft.AspNetCore.StaticFiles.StaticFileMiddleware[2]
      Sending file. Request path: '/lib/jquery-validation-unobtrusive/jquery.validate.unobtrusive.js'. Physical path: 'E:\Kaloyan\Projects\AlphaPreview0001\SiteTriks\SiteTriksApp\SiteTriksApp.Web\wwwroot\lib\jquery-validation-unobtrusive\jquery.validate.unobtrusive.js'
info: Microsoft.AspNetCore.Hosting.Internal.WebHost[2]
      Request finished in 277.0424ms 200 application/javascript
info: Microsoft.AspNetCore.Hosting.Internal.WebHost[1]
      Request starting HTTP/1.1 POST http://localhost:44327/account/login?returnurl=%2Fsitetriks application/x-www-form-urlencoded 242
info: Microsoft.AspNetCore.Mvc.Internal.ControllerActionInvoker[1]
      Route matched with {action = "Login", controller = "Account", area = ""}. Executing action SiteTriksApp.Web.Controllers.AccountController.Login (SiteTriksApp.Web)
info: Microsoft.EntityFrameworkCore.Infrastructure[10403]
      Entity Framework Core 2.1.1-rtm-30846 initialized 'SiteTriksAppContext' using provider 'Microsoft.EntityFrameworkCore.SqlServer' with options: using lazy-loading proxies MigrationsAssembly=SiteTriksApp.Web 
info: Microsoft.AspNetCore.Mvc.Internal.ControllerActionInvoker[1]
      Executing action method SiteTriksApp.Web.Controllers.AccountController.Login (SiteTriksApp.Web) with arguments (SiteTriksApp.Web.Models.AccountViewModels.LoginViewModel, /sitetriks) - Validation state: Valid
info: Microsoft.EntityFrameworkCore.Infrastructure[10403]
      Entity Framework Core 2.1.1-rtm-30846 initialized 'SiteTriksAppContext' using provider 'Microsoft.EntityFrameworkCore.SqlServer' with options: using lazy-loading proxies MigrationsAssembly=SiteTriksApp.Web 
info: Microsoft.EntityFrameworkCore.Database.Command[20101]
      Executed DbCommand (83ms) [Parameters=[@__normalizedUserName_0='?' (Size = 256)], CommandType='Text', CommandTimeout='30']
      SELECT TOP(1) [u].[Id], [u].[AccessFailedCount], [u].[Company], [u].[ConcurrencyStamp], [u].[DashboardConfiguration], [u].[Email], [u].[EmailConfirmed], [u].[FirstName], [u].[FullName], [u].[GoogleAuthenticatorSecretKey], [u].[Info], [u].[IsApproved], [u].[IsDeleted], [u].[IsGoogleAuthenticatorEnabled], [u].[LastName], [u].[LockoutEnabled], [u].[LockoutEnd], [u].[NormalizedEmail], [u].[NormalizedUserName], [u].[PasswordHash], [u].[PhoneNumber], [u].[PhoneNumberConfirmed], [u].[SecurityStamp], [u].[SiteProviderId], [u].[TwoFactorEnabled], [u].[UserGroups], [u].[UserName]
      FROM [AspNetUsers] AS [u]
      WHERE [u].[NormalizedUserName] = @__normalizedUserName_0
info: Microsoft.EntityFrameworkCore.Database.Command[20101]
      Executed DbCommand (28ms) [Parameters=[@__user_Id_0='?' (Size = 450)], CommandType='Text', CommandTimeout='30']
      SELECT [uc].[Id], [uc].[ClaimType], [uc].[ClaimValue], [uc].[UserId]
      FROM [AspNetUserClaims] AS [uc]
      WHERE [uc].[UserId] = @__user_Id_0
info: Microsoft.EntityFrameworkCore.Database.Command[20101]
      Executed DbCommand (38ms) [Parameters=[@__userId_0='?' (Size = 450)], CommandType='Text', CommandTimeout='30']
      SELECT [role].[Name]
      FROM [AspNetUserRoles] AS [userRole]
      INNER JOIN [AspNetRoles] AS [role] ON [userRole].[RoleId] = [role].[Id]
      WHERE [userRole].[UserId] = @__userId_0
info: Microsoft.EntityFrameworkCore.Database.Command[20101]
      Executed DbCommand (1ms) [Parameters=[@__normalizedName_0='?' (Size = 256)], CommandType='Text', CommandTimeout='30']
      SELECT TOP(1) [r].[Id], [r].[ConcurrencyStamp], [r].[Name], [r].[NormalizedName]
      FROM [AspNetRoles] AS [r]
      WHERE [r].[NormalizedName] = @__normalizedName_0
info: Microsoft.EntityFrameworkCore.Database.Command[20101]
      Executed DbCommand (2ms) [Parameters=[@__role_Id_0='?' (Size = 450)], CommandType='Text', CommandTimeout='30']
      SELECT [rc].[ClaimType], [rc].[ClaimValue]
      FROM [AspNetRoleClaims] AS [rc]
      WHERE [rc].[RoleId] = @__role_Id_0
info: Microsoft.AspNetCore.Authentication.Cookies.CookieAuthenticationHandler[10]
      AuthenticationScheme: Identity.Application signed in.
info: Microsoft.AspNetCore.Mvc.Internal.ControllerActionInvoker[2]
      Executed action method SiteTriksApp.Web.Controllers.AccountController.Login (SiteTriksApp.Web), returned result Microsoft.AspNetCore.Mvc.RedirectResult in 294.097ms.
info: Microsoft.AspNetCore.Mvc.Infrastructure.RedirectResultExecutor[1]
      Executing RedirectResult, redirecting to /sitetriks.
info: Microsoft.AspNetCore.Mvc.Internal.ControllerActionInvoker[2]
      Executed action SiteTriksApp.Web.Controllers.AccountController.Login (SiteTriksApp.Web) in 317.6419ms
info: Microsoft.AspNetCore.Hosting.Internal.WebHost[2]
      Request finished in 323.9776ms 302 
info: Microsoft.AspNetCore.Hosting.Internal.WebHost[1]
      Request starting HTTP/1.1 GET http://localhost:44327/sitetriks  
info: Microsoft.AspNetCore.Mvc.Internal.ControllerActionInvoker[1]
      Route matched with {area = "SiteTriks", action = "Index", controller = "Home"}. Executing action SiteTriks.Controllers.HomeController.Index (SiteTriks)
info: Microsoft.AspNetCore.Authorization.DefaultAuthorizationService[1]
      Authorization was successful.
info: Microsoft.EntityFrameworkCore.Infrastructure[10403]
      Entity Framework Core 2.1.1-rtm-30846 initialized 'SiteTriksAppContext' using provider 'Microsoft.EntityFrameworkCore.SqlServer' with options: using lazy-loading proxies MigrationsAssembly=SiteTriksApp.Web 
info: Microsoft.AspNetCore.Mvc.ViewFeatures.ViewResultExecutor[1]
      Executing ViewResult, running view License.
info: Microsoft.AspNetCore.Mvc.ViewFeatures.ViewResultExecutor[4]
      Executed ViewResult - view License executed in 38.5506ms.
info: Microsoft.AspNetCore.Mvc.Internal.ControllerActionInvoker[2]
      Executed action SiteTriks.Controllers.HomeController.Index (SiteTriks) in 45.2772ms
info: Microsoft.AspNetCore.Hosting.Internal.WebHost[2]
      Request finished in 50.4667ms 401 text/html; charset=utf-8













































